2016-08-25 21:27:59,526 INFO  crawl.InjectorJob - InjectorJob: starting at 2016-08-25 21:27:59
2016-08-25 21:27:59,526 INFO  crawl.InjectorJob - InjectorJob: Injecting urlDir: /home/hunguyen/Study/Nutch/urls
2016-08-25 21:28:00,309 WARN  util.NativeCodeLoader - Unable to load native-hadoop library for your platform... using builtin-java classes where applicable
2016-08-25 21:28:11,379 INFO  crawl.InjectorJob - InjectorJob: Using class org.apache.gora.hbase.store.HBaseStore as the Gora storage class.
2016-08-25 21:28:11,667 WARN  mapreduce.JobSubmitter - No job jar file set.  User classes may not be found. See Job or Job#setJar(String).
2016-08-25 21:28:12,635 WARN  conf.Configuration - file:/tmp/hadoop-hunguyen/mapred/staging/hunguyen1437838702/.staging/job_local1437838702_0001/job.xml:an attempt to override final parameter: mapreduce.job.end-notification.max.retry.interval;  Ignoring.
2016-08-25 21:28:12,641 WARN  conf.Configuration - file:/tmp/hadoop-hunguyen/mapred/staging/hunguyen1437838702/.staging/job_local1437838702_0001/job.xml:an attempt to override final parameter: mapreduce.job.end-notification.max.attempts;  Ignoring.
2016-08-25 21:28:12,871 WARN  conf.Configuration - file:/tmp/hadoop-hunguyen/mapred/local/localRunner/hunguyen/job_local1437838702_0001/job_local1437838702_0001.xml:an attempt to override final parameter: mapreduce.job.end-notification.max.retry.interval;  Ignoring.
2016-08-25 21:28:12,881 WARN  conf.Configuration - file:/tmp/hadoop-hunguyen/mapred/local/localRunner/hunguyen/job_local1437838702_0001/job_local1437838702_0001.xml:an attempt to override final parameter: mapreduce.job.end-notification.max.attempts;  Ignoring.
2016-08-25 21:28:13,389 WARN  plugin.PluginRepository - Plugins: directory not found: ./../../../src/plugin
2016-08-25 21:28:13,391 WARN  plugin.PluginRepository - No plugins found on paths of property plugin.folders="./../../../src/plugin"
2016-08-25 21:28:13,393 WARN  mapred.LocalJobRunner - job_local1437838702_0001
java.lang.Exception: java.lang.RuntimeException: x point org.apache.nutch.net.URLNormalizer not found.
	at org.apache.hadoop.mapred.LocalJobRunner$Job.runTasks(LocalJobRunner.java:462)
	at org.apache.hadoop.mapred.LocalJobRunner$Job.run(LocalJobRunner.java:522)
Caused by: java.lang.RuntimeException: x point org.apache.nutch.net.URLNormalizer not found.
	at org.apache.nutch.net.URLNormalizers.<init>(URLNormalizers.java:141)
	at org.apache.nutch.crawl.InjectorJob$UrlMapper.setup(InjectorJob.java:94)
	at org.apache.hadoop.mapreduce.Mapper.run(Mapper.java:142)
	at org.apache.hadoop.mapred.MapTask.runNewMapper(MapTask.java:764)
	at org.apache.hadoop.mapred.MapTask.run(MapTask.java:340)
	at org.apache.hadoop.mapred.LocalJobRunner$Job$MapTaskRunnable.run(LocalJobRunner.java:243)
	at java.util.concurrent.Executors$RunnableAdapter.call(Executors.java:471)
	at java.util.concurrent.FutureTask.run(FutureTask.java:262)
	at java.util.concurrent.ThreadPoolExecutor.runWorker(ThreadPoolExecutor.java:1145)
	at java.util.concurrent.ThreadPoolExecutor$Worker.run(ThreadPoolExecutor.java:615)
	at java.lang.Thread.run(Thread.java:745)
2016-08-25 21:28:13,954 ERROR crawl.InjectorJob - InjectorJob: java.lang.RuntimeException: job failed: name=, jobid=job_local1437838702_0001
	at org.apache.nutch.util.NutchJob.waitForCompletion(NutchJob.java:119)
	at org.apache.nutch.crawl.InjectorJob.run(InjectorJob.java:231)
	at org.apache.nutch.crawl.InjectorJob.inject(InjectorJob.java:252)
	at org.apache.nutch.crawl.InjectorJob.run(InjectorJob.java:275)
	at org.apache.hadoop.util.ToolRunner.run(ToolRunner.java:70)
	at org.apache.nutch.crawl.InjectorJob.main(InjectorJob.java:284)
	at sun.reflect.NativeMethodAccessorImpl.invoke0(Native Method)
	at sun.reflect.NativeMethodAccessorImpl.invoke(NativeMethodAccessorImpl.java:57)
	at sun.reflect.DelegatingMethodAccessorImpl.invoke(DelegatingMethodAccessorImpl.java:43)
	at java.lang.reflect.Method.invoke(Method.java:606)
	at com.intellij.rt.execution.application.AppMain.main(AppMain.java:144)

2016-08-25 21:29:19,623 INFO  crawl.InjectorJob - InjectorJob: starting at 2016-08-25 21:29:19
2016-08-25 21:29:19,623 INFO  crawl.InjectorJob - InjectorJob: Injecting urlDir: /home/hunguyen/Study/Nutch/urls
2016-08-25 21:29:20,342 WARN  util.NativeCodeLoader - Unable to load native-hadoop library for your platform... using builtin-java classes where applicable
2016-08-25 21:29:22,589 INFO  crawl.InjectorJob - InjectorJob: Using class org.apache.gora.hbase.store.HBaseStore as the Gora storage class.
2016-08-25 21:29:22,661 WARN  mapreduce.JobSubmitter - No job jar file set.  User classes may not be found. See Job or Job#setJar(String).
2016-08-25 21:29:23,009 WARN  conf.Configuration - file:/tmp/hadoop-hunguyen/mapred/staging/hunguyen1439843684/.staging/job_local1439843684_0001/job.xml:an attempt to override final parameter: mapreduce.job.end-notification.max.retry.interval;  Ignoring.
2016-08-25 21:29:23,012 WARN  conf.Configuration - file:/tmp/hadoop-hunguyen/mapred/staging/hunguyen1439843684/.staging/job_local1439843684_0001/job.xml:an attempt to override final parameter: mapreduce.job.end-notification.max.attempts;  Ignoring.
2016-08-25 21:29:23,247 WARN  conf.Configuration - file:/tmp/hadoop-hunguyen/mapred/local/localRunner/hunguyen/job_local1439843684_0001/job_local1439843684_0001.xml:an attempt to override final parameter: mapreduce.job.end-notification.max.retry.interval;  Ignoring.
2016-08-25 21:29:23,252 WARN  conf.Configuration - file:/tmp/hadoop-hunguyen/mapred/local/localRunner/hunguyen/job_local1439843684_0001/job_local1439843684_0001.xml:an attempt to override final parameter: mapreduce.job.end-notification.max.attempts;  Ignoring.
2016-08-25 21:29:23,981 INFO  regex.RegexURLNormalizer - can't find rules for scope 'inject', using default
2016-08-25 21:29:26,282 INFO  crawl.InjectorJob - InjectorJob: total number of urls rejected by filters: 0
2016-08-25 21:29:26,282 INFO  crawl.InjectorJob - InjectorJob: total number of urls injected after normalization and filtering: 3
2016-08-25 21:29:26,282 INFO  crawl.InjectorJob - Injector: finished at 2016-08-25 21:29:26, elapsed: 00:00:06
2016-08-25 21:43:40,535 INFO  basic.BasicIndexingFilter - Maximum title length for indexing set to: 100
2016-08-25 21:43:41,182 INFO  basic.BasicIndexingFilter - Maximum title length for indexing set to: 10
2016-08-25 21:45:45,639 INFO  crawl.InjectorJob - InjectorJob: starting at 2016-08-25 21:45:45
2016-08-25 21:45:45,640 INFO  crawl.InjectorJob - InjectorJob: Injecting urlDir: /home/hunguyen/Study/Nutch/urls
2016-08-25 21:45:46,366 WARN  util.NativeCodeLoader - Unable to load native-hadoop library for your platform... using builtin-java classes where applicable
2016-08-25 21:45:48,688 INFO  crawl.InjectorJob - InjectorJob: Using class org.apache.gora.hbase.store.HBaseStore as the Gora storage class.
2016-08-25 21:45:48,778 WARN  mapreduce.JobSubmitter - No job jar file set.  User classes may not be found. See Job or Job#setJar(String).
2016-08-25 21:45:49,235 WARN  conf.Configuration - file:/tmp/hadoop-hunguyen/mapred/staging/hunguyen191297953/.staging/job_local191297953_0001/job.xml:an attempt to override final parameter: mapreduce.job.end-notification.max.retry.interval;  Ignoring.
2016-08-25 21:45:49,239 WARN  conf.Configuration - file:/tmp/hadoop-hunguyen/mapred/staging/hunguyen191297953/.staging/job_local191297953_0001/job.xml:an attempt to override final parameter: mapreduce.job.end-notification.max.attempts;  Ignoring.
2016-08-25 21:45:49,474 WARN  conf.Configuration - file:/tmp/hadoop-hunguyen/mapred/local/localRunner/hunguyen/job_local191297953_0001/job_local191297953_0001.xml:an attempt to override final parameter: mapreduce.job.end-notification.max.retry.interval;  Ignoring.
2016-08-25 21:45:49,477 WARN  conf.Configuration - file:/tmp/hadoop-hunguyen/mapred/local/localRunner/hunguyen/job_local191297953_0001/job_local191297953_0001.xml:an attempt to override final parameter: mapreduce.job.end-notification.max.attempts;  Ignoring.
2016-08-25 21:45:49,920 INFO  regex.RegexURLNormalizer - can't find rules for scope 'inject', using default
2016-08-25 21:45:50,512 INFO  crawl.InjectorJob - InjectorJob: total number of urls rejected by filters: 0
2016-08-25 21:45:50,513 INFO  crawl.InjectorJob - InjectorJob: total number of urls injected after normalization and filtering: 3
2016-08-25 21:45:50,514 INFO  crawl.InjectorJob - Injector: finished at 2016-08-25 21:45:50, elapsed: 00:00:04
